2015-06-01 10:29:57.866 TodoApp[39547:548852] DiskCookieStorage changing policy from 2 to 0, cookie file: file:///Users/danielsauble/Library/Developer/CoreSimulator/Devices/EDBAB22C-513F-4394-80E3-0C794C0885C3/data/Containers/Data/Application/644126A1-7DB6-4BC4-A045-F3BBBA3B89EE/Library/Cookies/Cookies.binarycookies
2015-06-01 10:29:58.053 TodoApp[39547:548852] Apache Cordova native platform version 3.8.0 is starting.
2015-06-01 10:29:58.054 TodoApp[39547:548852] Multi-tasking -> Device: YES, App: YES
2015-06-01 10:29:58.064 TodoApp[39547:548852] Unlimited access to network resources
2015-06-01 10:29:58.070 TodoApp[39547:548852] 

Started backup to iCloud! Please be careful.
Your application might be rejected by Apple if you store too much data.
For more information please read "iOS Data Storage Guidelines" at:
https://developer.apple.com/icloud/documentation/data-storage/
To disable web storage backup to iCloud, set the BackupWebStorage preference to "local" in the Cordova config.xml file

2015-06-01 10:29:58.640 TodoApp[39547:548852] Resetting plugins due to page load.
2015-06-01 10:29:58.848 TodoApp[39547:548852] Finished load of: file:///Users/danielsauble/Library/Developer/CoreSimulator/Devices/EDBAB22C-513F-4394-80E3-0C794C0885C3/data/Containers/Bundle/Application/50D5BD76-A0FA-46D1-B25F-1416557A8B0F/TodoApp.app/www/index.html
2015-06-01 10:38:05.127 TodoApp[43468:560735] DiskCookieStorage changing policy from 2 to 0, cookie file: file:///Users/danielsauble/Library/Developer/CoreSimulator/Devices/EDBAB22C-513F-4394-80E3-0C794C0885C3/data/Containers/Data/Application/0A39697E-2820-4291-BBC1-BDC274D9B14A/Library/Cookies/Cookies.binarycookies
2015-06-01 10:38:05.203 TodoApp[43468:560735] Apache Cordova native platform version 3.8.0 is starting.
2015-06-01 10:38:05.203 TodoApp[43468:560735] Multi-tasking -> Device: YES, App: YES
2015-06-01 10:38:05.204 TodoApp[43468:560735] Unlimited access to network resources
2015-06-01 10:38:05.207 TodoApp[43468:560735] 

Started backup to iCloud! Please be careful.
Your application might be rejected by Apple if you store too much data.
For more information please read "iOS Data Storage Guidelines" at:
https://developer.apple.com/icloud/documentation/data-storage/
To disable web storage backup to iCloud, set the BackupWebStorage preference to "local" in the Cordova config.xml file

2015-06-01 10:38:05.326 TodoApp[43468:560735] Resetting plugins due to page load.
2015-06-01 10:38:05.459 TodoApp[43468:560735] Finished load of: file:///Users/danielsauble/Library/Developer/CoreSimulator/Devices/EDBAB22C-513F-4394-80E3-0C794C0885C3/data/Containers/Bundle/Application/1E806B38-7BFC-41D1-9E39-889B74507324/TodoApp.app/www/index.html
2015-06-01 10:48:37.627 TodoApp[47920:574580] DiskCookieStorage changing policy from 2 to 0, cookie file: file:///Users/danielsauble/Library/Developer/CoreSimulator/Devices/EDBAB22C-513F-4394-80E3-0C794C0885C3/data/Containers/Data/Application/4D4A2B82-C49A-439E-9AB4-69F4E91749F4/Library/Cookies/Cookies.binarycookies
2015-06-01 10:48:37.677 TodoApp[47920:574580] Apache Cordova native platform version 3.8.0 is starting.
2015-06-01 10:48:37.677 TodoApp[47920:574580] Multi-tasking -> Device: YES, App: YES
2015-06-01 10:48:37.678 TodoApp[47920:574580] Unlimited access to network resources
2015-06-01 10:48:37.680 TodoApp[47920:574580] 

Started backup to iCloud! Please be careful.
Your application might be rejected by Apple if you store too much data.
For more information please read "iOS Data Storage Guidelines" at:
https://developer.apple.com/icloud/documentation/data-storage/
To disable web storage backup to iCloud, set the BackupWebStorage preference to "local" in the Cordova config.xml file

2015-06-01 10:48:37.774 TodoApp[47920:574580] Resetting plugins due to page load.
2015-06-01 10:48:37.895 TodoApp[47920:574580] Finished load of: file:///Users/danielsauble/Library/Developer/CoreSimulator/Devices/EDBAB22C-513F-4394-80E3-0C794C0885C3/data/Containers/Bundle/Application/27B0583F-1169-44AF-B7CB-EC64211B3EC7/TodoApp.app/www/index.html
2015-06-01 10:57:32.212 TodoApp[52034:587881] DiskCookieStorage changing policy from 2 to 0, cookie file: file:///Users/danielsauble/Library/Developer/CoreSimulator/Devices/EDBAB22C-513F-4394-80E3-0C794C0885C3/data/Containers/Data/Application/A302B90E-590A-4195-B1A4-6F43F08C94AA/Library/Cookies/Cookies.binarycookies
2015-06-01 10:57:32.254 TodoApp[52034:587881] Apache Cordova native platform version 3.8.0 is starting.
2015-06-01 10:57:32.254 TodoApp[52034:587881] Multi-tasking -> Device: YES, App: YES
2015-06-01 10:57:32.255 TodoApp[52034:587881] Unlimited access to network resources
2015-06-01 10:57:32.257 TodoApp[52034:587881] 

Started backup to iCloud! Please be careful.
Your application might be rejected by Apple if you store too much data.
For more information please read "iOS Data Storage Guidelines" at:
https://developer.apple.com/icloud/documentation/data-storage/
To disable web storage backup to iCloud, set the BackupWebStorage preference to "local" in the Cordova config.xml file

2015-06-01 10:57:32.340 TodoApp[52034:587881] Resetting plugins due to page load.
2015-06-01 10:57:32.446 TodoApp[52034:587881] Finished load of: file:///Users/danielsauble/Library/Developer/CoreSimulator/Devices/EDBAB22C-513F-4394-80E3-0C794C0885C3/data/Containers/Bundle/Application/7B818C50-F2B2-4F6C-9870-D237EF2479BD/TodoApp.app/www/index.html
2015-06-01 10:59:02.553 TodoApp[52034:589971] Terminating since there is no system app.
2015-06-01 11:00:29.095 TodoApp[53693:593070] DiskCookieStorage changing policy from 2 to 0, cookie file: file:///Users/danielsauble/Library/Developer/CoreSimulator/Devices/EDBAB22C-513F-4394-80E3-0C794C0885C3/data/Containers/Data/Application/D70718DF-58E6-4EF4-9C51-E8475F551681/Library/Cookies/Cookies.binarycookies
2015-06-01 11:00:29.168 TodoApp[53693:593070] Apache Cordova native platform version 3.8.0 is starting.
2015-06-01 11:00:29.168 TodoApp[53693:593070] Multi-tasking -> Device: YES, App: YES
2015-06-01 11:00:29.169 TodoApp[53693:593070] Unlimited access to network resources
2015-06-01 11:00:29.171 TodoApp[53693:593070] 

Started backup to iCloud! Please be careful.
Your application might be rejected by Apple if you store too much data.
For more information please read "iOS Data Storage Guidelines" at:
https://developer.apple.com/icloud/documentation/data-storage/
To disable web storage backup to iCloud, set the BackupWebStorage preference to "local" in the Cordova config.xml file

2015-06-01 11:00:29.278 TodoApp[53693:593070] Resetting plugins due to page load.
2015-06-01 11:00:29.412 TodoApp[53693:593070] Finished load of: file:///Users/danielsauble/Library/Developer/CoreSimulator/Devices/EDBAB22C-513F-4394-80E3-0C794C0885C3/data/Containers/Bundle/Application/2AC42F8E-0563-4B82-B92D-B98FF8A3DC04/TodoApp.app/www/index.html
2015-06-01 11:05:52.636 TodoApp[56679:602390] DiskCookieStorage changing policy from 2 to 0, cookie file: file:///Users/danielsauble/Library/Developer/CoreSimulator/Devices/EDBAB22C-513F-4394-80E3-0C794C0885C3/data/Containers/Data/Application/CBA0A69D-483A-472E-AC31-882094C36570/Library/Cookies/Cookies.binarycookies
2015-06-01 11:05:52.725 TodoApp[56679:602390] Apache Cordova native platform version 3.8.0 is starting.
2015-06-01 11:05:52.725 TodoApp[56679:602390] Multi-tasking -> Device: YES, App: YES
2015-06-01 11:05:52.726 TodoApp[56679:602390] Unlimited access to network resources
2015-06-01 11:05:52.728 TodoApp[56679:602390] 

Started backup to iCloud! Please be careful.
Your application might be rejected by Apple if you store too much data.
For more information please read "iOS Data Storage Guidelines" at:
https://developer.apple.com/icloud/documentation/data-storage/
To disable web storage backup to iCloud, set the BackupWebStorage preference to "local" in the Cordova config.xml file

2015-06-01 11:05:52.835 TodoApp[56679:602390] Resetting plugins due to page load.
2015-06-01 11:05:52.964 TodoApp[56679:602390] Finished load of: file:///Users/danielsauble/Library/Developer/CoreSimulator/Devices/EDBAB22C-513F-4394-80E3-0C794C0885C3/data/Containers/Bundle/Application/7A6D2E94-6A13-4A2A-9356-81427D63BEE8/TodoApp.app/www/index.html
2015-06-01 11:08:56.583 TodoApp[58887:608500] DiskCookieStorage changing policy from 2 to 0, cookie file: file:///Users/danielsauble/Library/Developer/CoreSimulator/Devices/EDBAB22C-513F-4394-80E3-0C794C0885C3/data/Containers/Data/Application/DBB23938-EED7-46ED-BCD7-C89292036A70/Library/Cookies/Cookies.binarycookies
2015-06-01 11:08:56.653 TodoApp[58887:608500] Apache Cordova native platform version 3.8.0 is starting.
2015-06-01 11:08:56.653 TodoApp[58887:608500] Multi-tasking -> Device: YES, App: YES
2015-06-01 11:08:56.655 TodoApp[58887:608500] Unlimited access to network resources
2015-06-01 11:08:56.657 TodoApp[58887:608500] 

Started backup to iCloud! Please be careful.
Your application might be rejected by Apple if you store too much data.
For more information please read "iOS Data Storage Guidelines" at:
https://developer.apple.com/icloud/documentation/data-storage/
To disable web storage backup to iCloud, set the BackupWebStorage preference to "local" in the Cordova config.xml file

2015-06-01 11:08:56.766 TodoApp[58887:608500] Resetting plugins due to page load.
2015-06-01 11:08:56.904 TodoApp[58887:608500] Finished load of: file:///Users/danielsauble/Library/Developer/CoreSimulator/Devices/EDBAB22C-513F-4394-80E3-0C794C0885C3/data/Containers/Bundle/Application/57BD3725-2080-4A80-9FFB-6790E6ABE73A/TodoApp.app/www/index.html
2015-06-01 11:09:25.917 TodoApp[58887:608783] Terminating since there is no system app.
2015-06-01 11:11:20.718 TodoApp[60904:613483] DiskCookieStorage changing policy from 2 to 0, cookie file: file:///Users/danielsauble/Library/Developer/CoreSimulator/Devices/EDBAB22C-513F-4394-80E3-0C794C0885C3/data/Containers/Data/Application/B7A2EC93-E035-4F3F-A630-7CBE5F03F7B1/Library/Cookies/Cookies.binarycookies
2015-06-01 11:11:20.795 TodoApp[60904:613483] Apache Cordova native platform version 3.8.0 is starting.
2015-06-01 11:11:20.795 TodoApp[60904:613483] Multi-tasking -> Device: YES, App: YES
2015-06-01 11:11:20.797 TodoApp[60904:613483] Unlimited access to network resources
2015-06-01 11:11:20.798 TodoApp[60904:613483] 

Started backup to iCloud! Please be careful.
Your application might be rejected by Apple if you store too much data.
For more information please read "iOS Data Storage Guidelines" at:
https://developer.apple.com/icloud/documentation/data-storage/
To disable web storage backup to iCloud, set the BackupWebStorage preference to "local" in the Cordova config.xml file

2015-06-01 11:11:20.894 TodoApp[60904:613483] Resetting plugins due to page load.
2015-06-01 11:11:21.011 TodoApp[60904:613483] Finished load of: file:///Users/danielsauble/Library/Developer/CoreSimulator/Devices/EDBAB22C-513F-4394-80E3-0C794C0885C3/data/Containers/Bundle/Application/FC55A12C-90E1-47E2-BACC-C2182E8A4445/TodoApp.app/www/index.html
2015-06-01 11:15:09.223 TodoApp[63412:627688] DiskCookieStorage changing policy from 2 to 0, cookie file: file:///Users/danielsauble/Library/Developer/CoreSimulator/Devices/EDBAB22C-513F-4394-80E3-0C794C0885C3/data/Containers/Data/Application/6C0EB216-1728-4E57-92FE-D95A60FE0279/Library/Cookies/Cookies.binarycookies
2015-06-01 11:15:09.302 TodoApp[63412:627688] Apache Cordova native platform version 3.8.0 is starting.
2015-06-01 11:15:09.302 TodoApp[63412:627688] Multi-tasking -> Device: YES, App: YES
2015-06-01 11:15:09.304 TodoApp[63412:627688] Unlimited access to network resources
2015-06-01 11:15:09.306 TodoApp[63412:627688] 

Started backup to iCloud! Please be careful.
Your application might be rejected by Apple if you store too much data.
For more information please read "iOS Data Storage Guidelines" at:
https://developer.apple.com/icloud/documentation/data-storage/
To disable web storage backup to iCloud, set the BackupWebStorage preference to "local" in the Cordova config.xml file

2015-06-01 11:15:09.427 TodoApp[63412:627688] Resetting plugins due to page load.
2015-06-01 11:15:09.560 TodoApp[63412:627688] Finished load of: file:///Users/danielsauble/Library/Developer/CoreSimulator/Devices/EDBAB22C-513F-4394-80E3-0C794C0885C3/data/Containers/Bundle/Application/D3E76651-AED9-4976-B291-BB6B56D31284/TodoApp.app/www/index.html
2015-06-11 05:38:49.839 TodoApp[78430:3987409] DiskCookieStorage changing policy from 2 to 0, cookie file: file:///Users/danielsauble/Library/Developer/CoreSimulator/Devices/EDBAB22C-513F-4394-80E3-0C794C0885C3/data/Containers/Data/Application/7C9D4368-74BE-4605-9080-A31C1D8680EB/Library/Cookies/Cookies.binarycookies
2015-06-11 05:38:50.090 TodoApp[78430:3987409] Apache Cordova native platform version 3.8.0 is starting.
2015-06-11 05:38:50.091 TodoApp[78430:3987409] Multi-tasking -> Device: YES, App: YES
2015-06-11 05:38:50.103 TodoApp[78430:3987409] Unlimited access to network resources
2015-06-11 05:38:50.111 TodoApp[78430:3987409] 

Started backup to iCloud! Please be careful.
Your application might be rejected by Apple if you store too much data.
For more information please read "iOS Data Storage Guidelines" at:
https://developer.apple.com/icloud/documentation/data-storage/
To disable web storage backup to iCloud, set the BackupWebStorage preference to "local" in the Cordova config.xml file

2015-06-11 05:38:50.632 TodoApp[78430:3987409] Resetting plugins due to page load.
2015-06-11 05:38:50.874 TodoApp[78430:3987409] Finished load of: file:///Users/danielsauble/Library/Developer/CoreSimulator/Devices/EDBAB22C-513F-4394-80E3-0C794C0885C3/data/Containers/Bundle/Application/F9F4A69D-0971-41E9-B98F-B0EEF46913F2/TodoApp.app/www/index.html
2015-06-11 06:00:55.225 TodoApp[85839:4012401] DiskCookieStorage changing policy from 2 to 0, cookie file: file:///Users/danielsauble/Library/Developer/CoreSimulator/Devices/EDBAB22C-513F-4394-80E3-0C794C0885C3/data/Containers/Data/Application/68FBC854-E42F-4210-94E8-2AC84C41C707/Library/Cookies/Cookies.binarycookies
2015-06-11 06:00:55.327 TodoApp[85839:4012401] Apache Cordova native platform version 3.8.0 is starting.
2015-06-11 06:00:55.327 TodoApp[85839:4012401] Multi-tasking -> Device: YES, App: YES
2015-06-11 06:00:55.343 TodoApp[85839:4012401] Unlimited access to network resources
2015-06-11 06:00:55.345 TodoApp[85839:4012401] 

Started backup to iCloud! Please be careful.
Your application might be rejected by Apple if you store too much data.
For more information please read "iOS Data Storage Guidelines" at:
https://developer.apple.com/icloud/documentation/data-storage/
To disable web storage backup to iCloud, set the BackupWebStorage preference to "local" in the Cordova config.xml file

2015-06-11 06:00:55.447 TodoApp[85839:4012401] Resetting plugins due to page load.
2015-06-11 06:00:55.605 TodoApp[85839:4012401] Finished load of: file:///Users/danielsauble/Library/Developer/CoreSimulator/Devices/EDBAB22C-513F-4394-80E3-0C794C0885C3/data/Containers/Bundle/Application/5FD4812A-58A4-49F3-932B-937BA49478EA/TodoApp.app/www/index.html
2015-06-11 06:08:02.500 TodoApp[88851:4023136] DiskCookieStorage changing policy from 2 to 0, cookie file: file:///Users/danielsauble/Library/Developer/CoreSimulator/Devices/EDBAB22C-513F-4394-80E3-0C794C0885C3/data/Containers/Data/Application/B2CA8018-FA3C-4847-904D-FFBBFE909FE2/Library/Cookies/Cookies.binarycookies
2015-06-11 06:08:02.561 TodoApp[88851:4023136] Apache Cordova native platform version 3.8.0 is starting.
2015-06-11 06:08:02.561 TodoApp[88851:4023136] Multi-tasking -> Device: YES, App: YES
2015-06-11 06:08:02.563 TodoApp[88851:4023136] Unlimited access to network resources
2015-06-11 06:08:02.564 TodoApp[88851:4023136] 

Started backup to iCloud! Please be careful.
Your application might be rejected by Apple if you store too much data.
For more information please read "iOS Data Storage Guidelines" at:
https://developer.apple.com/icloud/documentation/data-storage/
To disable web storage backup to iCloud, set the BackupWebStorage preference to "local" in the Cordova config.xml file

2015-06-11 06:08:02.646 TodoApp[88851:4023136] Resetting plugins due to page load.
2015-06-11 06:08:02.771 TodoApp[88851:4023136] Finished load of: file:///Users/danielsauble/Library/Developer/CoreSimulator/Devices/EDBAB22C-513F-4394-80E3-0C794C0885C3/data/Containers/Bundle/Application/439F471D-2B2A-49AF-9FD5-235A5A6F2B88/TodoApp.app/www/index.html
2015-06-11 06:18:59.396 TodoApp[92923:4039993] DiskCookieStorage changing policy from 2 to 0, cookie file: file:///Users/danielsauble/Library/Developer/CoreSimulator/Devices/EDBAB22C-513F-4394-80E3-0C794C0885C3/data/Containers/Data/Application/3FCF37C0-E1CF-4E51-9D1D-3F3605D3444C/Library/Cookies/Cookies.binarycookies
2015-06-11 06:18:59.473 TodoApp[92923:4039993] Apache Cordova native platform version 3.8.0 is starting.
2015-06-11 06:18:59.473 TodoApp[92923:4039993] Multi-tasking -> Device: YES, App: YES
2015-06-11 06:18:59.474 TodoApp[92923:4039993] Unlimited access to network resources
2015-06-11 06:18:59.476 TodoApp[92923:4039993] 

Started backup to iCloud! Please be careful.
Your application might be rejected by Apple if you store too much data.
For more information please read "iOS Data Storage Guidelines" at:
https://developer.apple.com/icloud/documentation/data-storage/
To disable web storage backup to iCloud, set the BackupWebStorage preference to "local" in the Cordova config.xml file

2015-06-11 06:18:59.557 TodoApp[92923:4039993] Resetting plugins due to page load.
2015-06-11 06:18:59.668 TodoApp[92923:4039993] Finished load of: file:///Users/danielsauble/Library/Developer/CoreSimulator/Devices/EDBAB22C-513F-4394-80E3-0C794C0885C3/data/Containers/Bundle/Application/E7D472AA-80A1-4A89-BFE7-3FD644D742ED/TodoApp.app/www/index.html
2015-06-11 06:20:44.018 TodoApp[94206:4043379] DiskCookieStorage changing policy from 2 to 0, cookie file: file:///Users/danielsauble/Library/Developer/CoreSimulator/Devices/EDBAB22C-513F-4394-80E3-0C794C0885C3/data/Containers/Data/Application/63A39CEB-98D8-4D55-B28B-C904EC574843/Library/Cookies/Cookies.binarycookies
2015-06-11 06:20:44.082 TodoApp[94206:4043379] Apache Cordova native platform version 3.8.0 is starting.
2015-06-11 06:20:44.082 TodoApp[94206:4043379] Multi-tasking -> Device: YES, App: YES
2015-06-11 06:20:44.083 TodoApp[94206:4043379] Unlimited access to network resources
2015-06-11 06:20:44.085 TodoApp[94206:4043379] 

Started backup to iCloud! Please be careful.
Your application might be rejected by Apple if you store too much data.
For more information please read "iOS Data Storage Guidelines" at:
https://developer.apple.com/icloud/documentation/data-storage/
To disable web storage backup to iCloud, set the BackupWebStorage preference to "local" in the Cordova config.xml file

2015-06-11 06:20:44.167 TodoApp[94206:4043379] Resetting plugins due to page load.
2015-06-11 06:20:44.270 TodoApp[94206:4043379] Finished load of: file:///Users/danielsauble/Library/Developer/CoreSimulator/Devices/EDBAB22C-513F-4394-80E3-0C794C0885C3/data/Containers/Bundle/Application/05D23127-E57A-46EC-9436-8B371ABBA020/TodoApp.app/www/index.html
2015-06-11 06:27:31.457 TodoApp[97074:4053881] DiskCookieStorage changing policy from 2 to 0, cookie file: file:///Users/danielsauble/Library/Developer/CoreSimulator/Devices/EDBAB22C-513F-4394-80E3-0C794C0885C3/data/Containers/Data/Application/AF0EB8EF-B07C-4917-820D-639EA07BAFC7/Library/Cookies/Cookies.binarycookies
2015-06-11 06:27:31.522 TodoApp[97074:4053881] Apache Cordova native platform version 3.8.0 is starting.
2015-06-11 06:27:31.522 TodoApp[97074:4053881] Multi-tasking -> Device: YES, App: YES
2015-06-11 06:27:31.523 TodoApp[97074:4053881] Unlimited access to network resources
2015-06-11 06:27:31.525 TodoApp[97074:4053881] 

Started backup to iCloud! Please be careful.
Your application might be rejected by Apple if you store too much data.
For more information please read "iOS Data Storage Guidelines" at:
https://developer.apple.com/icloud/documentation/data-storage/
To disable web storage backup to iCloud, set the BackupWebStorage preference to "local" in the Cordova config.xml file

2015-06-11 06:27:31.606 TodoApp[97074:4053881] Resetting plugins due to page load.
2015-06-11 06:27:31.727 TodoApp[97074:4053881] Finished load of: file:///Users/danielsauble/Library/Developer/CoreSimulator/Devices/EDBAB22C-513F-4394-80E3-0C794C0885C3/data/Containers/Bundle/Application/BA5ED584-1FDC-4A2C-B503-5E1AFDFB8549/TodoApp.app/www/index.html
2015-06-11 06:29:18.115 TodoApp[98436:4057885] DiskCookieStorage changing policy from 2 to 0, cookie file: file:///Users/danielsauble/Library/Developer/CoreSimulator/Devices/EDBAB22C-513F-4394-80E3-0C794C0885C3/data/Containers/Data/Application/5F1F028C-BEC0-4AB6-A39D-14E4BBE3A861/Library/Cookies/Cookies.binarycookies
2015-06-11 06:29:18.177 TodoApp[98436:4057885] Apache Cordova native platform version 3.8.0 is starting.
2015-06-11 06:29:18.178 TodoApp[98436:4057885] Multi-tasking -> Device: YES, App: YES
2015-06-11 06:29:18.179 TodoApp[98436:4057885] Unlimited access to network resources
2015-06-11 06:29:18.180 TodoApp[98436:4057885] 

Started backup to iCloud! Please be careful.
Your application might be rejected by Apple if you store too much data.
For more information please read "iOS Data Storage Guidelines" at:
https://developer.apple.com/icloud/documentation/data-storage/
To disable web storage backup to iCloud, set the BackupWebStorage preference to "local" in the Cordova config.xml file

2015-06-11 06:29:18.259 TodoApp[98436:4057885] Resetting plugins due to page load.
2015-06-11 06:29:18.368 TodoApp[98436:4057885] Finished load of: file:///Users/danielsauble/Library/Developer/CoreSimulator/Devices/EDBAB22C-513F-4394-80E3-0C794C0885C3/data/Containers/Bundle/Application/73CED7F0-4FC1-466B-8550-C14EA5A39D75/TodoApp.app/www/index.html
2015-06-11 06:32:40.891 TodoApp[402:4065261] DiskCookieStorage changing policy from 2 to 0, cookie file: file:///Users/danielsauble/Library/Developer/CoreSimulator/Devices/EDBAB22C-513F-4394-80E3-0C794C0885C3/data/Containers/Data/Application/A322FB3E-53FD-4A34-AC22-5DC4FC1C1389/Library/Cookies/Cookies.binarycookies
2015-06-11 06:32:40.953 TodoApp[402:4065261] Apache Cordova native platform version 3.8.0 is starting.
2015-06-11 06:32:40.953 TodoApp[402:4065261] Multi-tasking -> Device: YES, App: YES
2015-06-11 06:32:40.954 TodoApp[402:4065261] Unlimited access to network resources
2015-06-11 06:32:40.956 TodoApp[402:4065261] 

Started backup to iCloud! Please be careful.
Your application might be rejected by Apple if you store too much data.
For more information please read "iOS Data Storage Guidelines" at:
https://developer.apple.com/icloud/documentation/data-storage/
To disable web storage backup to iCloud, set the BackupWebStorage preference to "local" in the Cordova config.xml file

2015-06-11 06:32:41.038 TodoApp[402:4065261] Resetting plugins due to page load.
2015-06-11 06:32:41.141 TodoApp[402:4065261] Finished load of: file:///Users/danielsauble/Library/Developer/CoreSimulator/Devices/EDBAB22C-513F-4394-80E3-0C794C0885C3/data/Containers/Bundle/Application/B45FDC81-B0EE-4F6F-BB2A-0CB6D6F0FFDE/TodoApp.app/www/index.html
2015-06-11 06:32:48.251 TodoApp[402:4065275] Terminating since there is no system app.
2015-06-11 06:34:01.141 TodoApp[1646:4069559] DiskCookieStorage changing policy from 2 to 0, cookie file: file:///Users/danielsauble/Library/Developer/CoreSimulator/Devices/EDBAB22C-513F-4394-80E3-0C794C0885C3/data/Containers/Data/Application/AFF9336C-C84F-4E0C-94D6-F20D88C420AA/Library/Cookies/Cookies.binarycookies
2015-06-11 06:34:01.200 TodoApp[1646:4069559] Apache Cordova native platform version 3.8.0 is starting.
2015-06-11 06:34:01.200 TodoApp[1646:4069559] Multi-tasking -> Device: YES, App: YES
2015-06-11 06:34:01.201 TodoApp[1646:4069559] Unlimited access to network resources
2015-06-11 06:34:01.203 TodoApp[1646:4069559] 

Started backup to iCloud! Please be careful.
Your application might be rejected by Apple if you store too much data.
For more information please read "iOS Data Storage Guidelines" at:
https://developer.apple.com/icloud/documentation/data-storage/
To disable web storage backup to iCloud, set the BackupWebStorage preference to "local" in the Cordova config.xml file

2015-06-11 06:34:01.286 TodoApp[1646:4069559] Resetting plugins due to page load.
2015-06-11 06:34:01.408 TodoApp[1646:4069559] Finished load of: file:///Users/danielsauble/Library/Developer/CoreSimulator/Devices/EDBAB22C-513F-4394-80E3-0C794C0885C3/data/Containers/Bundle/Application/5B8D6185-566E-4D2D-ABF9-E7C1AF09556A/TodoApp.app/www/index.html
2015-06-11 06:34:07.830 TodoApp[1646:4069568] Terminating since there is no system app.
2015-06-11 06:36:20.450 TodoApp[3139:4075889] DiskCookieStorage changing policy from 2 to 0, cookie file: file:///Users/danielsauble/Library/Developer/CoreSimulator/Devices/EDBAB22C-513F-4394-80E3-0C794C0885C3/data/Containers/Data/Application/7A9BD870-D223-4F88-8289-3639B022B719/Library/Cookies/Cookies.binarycookies
2015-06-11 06:36:20.512 TodoApp[3139:4075889] Apache Cordova native platform version 3.8.0 is starting.
2015-06-11 06:36:20.513 TodoApp[3139:4075889] Multi-tasking -> Device: YES, App: YES
2015-06-11 06:36:20.514 TodoApp[3139:4075889] Unlimited access to network resources
2015-06-11 06:36:20.515 TodoApp[3139:4075889] 

Started backup to iCloud! Please be careful.
Your application might be rejected by Apple if you store too much data.
For more information please read "iOS Data Storage Guidelines" at:
https://developer.apple.com/icloud/documentation/data-storage/
To disable web storage backup to iCloud, set the BackupWebStorage preference to "local" in the Cordova config.xml file

2015-06-11 06:36:20.600 TodoApp[3139:4075889] Resetting plugins due to page load.
2015-06-11 06:36:20.721 TodoApp[3139:4075889] Finished load of: file:///Users/danielsauble/Library/Developer/CoreSimulator/Devices/EDBAB22C-513F-4394-80E3-0C794C0885C3/data/Containers/Bundle/Application/3E27986D-2EE4-4B71-9439-F46FD0885628/TodoApp.app/www/index.html
2015-06-11 06:39:39.423 TodoApp[4903:4084078] DiskCookieStorage changing policy from 2 to 0, cookie file: file:///Users/danielsauble/Library/Developer/CoreSimulator/Devices/EDBAB22C-513F-4394-80E3-0C794C0885C3/data/Containers/Data/Application/92B3AF9F-51D4-49D4-88CB-BFCBA93DAF96/Library/Cookies/Cookies.binarycookies
2015-06-11 06:39:39.509 TodoApp[4903:4084078] Apache Cordova native platform version 3.8.0 is starting.
2015-06-11 06:39:39.509 TodoApp[4903:4084078] Multi-tasking -> Device: YES, App: YES
2015-06-11 06:39:39.511 TodoApp[4903:4084078] Unlimited access to network resources
2015-06-11 06:39:39.513 TodoApp[4903:4084078] 

Started backup to iCloud! Please be careful.
Your application might be rejected by Apple if you store too much data.
For more information please read "iOS Data Storage Guidelines" at:
https://developer.apple.com/icloud/documentation/data-storage/
To disable web storage backup to iCloud, set the BackupWebStorage preference to "local" in the Cordova config.xml file

2015-06-11 06:39:39.619 TodoApp[4903:4084078] Resetting plugins due to page load.
2015-06-11 06:39:39.726 TodoApp[4903:4084078] Finished load of: file:///Users/danielsauble/Library/Developer/CoreSimulator/Devices/EDBAB22C-513F-4394-80E3-0C794C0885C3/data/Containers/Bundle/Application/966F8A8C-CA4C-43FD-9293-BF4AB83FC29F/TodoApp.app/www/index.html
2015-06-11 06:42:38.213 TodoApp[6588:4089018] DiskCookieStorage changing policy from 2 to 0, cookie file: file:///Users/danielsauble/Library/Developer/CoreSimulator/Devices/EDBAB22C-513F-4394-80E3-0C794C0885C3/data/Containers/Data/Application/784CF892-C24B-43BB-BC82-9CDB71EA46A7/Library/Cookies/Cookies.binarycookies
2015-06-11 06:42:38.296 TodoApp[6588:4089018] Apache Cordova native platform version 3.8.0 is starting.
2015-06-11 06:42:38.296 TodoApp[6588:4089018] Multi-tasking -> Device: YES, App: YES
2015-06-11 06:42:38.298 TodoApp[6588:4089018] Unlimited access to network resources
2015-06-11 06:42:38.299 TodoApp[6588:4089018] 

Started backup to iCloud! Please be careful.
Your application might be rejected by Apple if you store too much data.
For more information please read "iOS Data Storage Guidelines" at:
https://developer.apple.com/icloud/documentation/data-storage/
To disable web storage backup to iCloud, set the BackupWebStorage preference to "local" in the Cordova config.xml file

2015-06-11 06:42:38.378 TodoApp[6588:4089018] Resetting plugins due to page load.
2015-06-11 06:42:38.484 TodoApp[6588:4089018] Finished load of: file:///Users/danielsauble/Library/Developer/CoreSimulator/Devices/EDBAB22C-513F-4394-80E3-0C794C0885C3/data/Containers/Bundle/Application/83A54632-E4C3-46BE-819D-67AD67F8EA34/TodoApp.app/www/index.html
2015-06-11 06:48:13.671 TodoApp[9076:4096541] DiskCookieStorage changing policy from 2 to 0, cookie file: file:///Users/danielsauble/Library/Developer/CoreSimulator/Devices/EDBAB22C-513F-4394-80E3-0C794C0885C3/data/Containers/Data/Application/FD5B501A-75EB-4D76-910F-6D5BA35FA7BE/Library/Cookies/Cookies.binarycookies
2015-06-11 06:48:13.734 TodoApp[9076:4096541] Apache Cordova native platform version 3.8.0 is starting.
2015-06-11 06:48:13.735 TodoApp[9076:4096541] Multi-tasking -> Device: YES, App: YES
2015-06-11 06:48:13.736 TodoApp[9076:4096541] Unlimited access to network resources
2015-06-11 06:48:13.737 TodoApp[9076:4096541] 

Started backup to iCloud! Please be careful.
Your application might be rejected by Apple if you store too much data.
For more information please read "iOS Data Storage Guidelines" at:
https://developer.apple.com/icloud/documentation/data-storage/
To disable web storage backup to iCloud, set the BackupWebStorage preference to "local" in the Cordova config.xml file

2015-06-11 06:48:13.818 TodoApp[9076:4096541] Resetting plugins due to page load.
2015-06-11 06:48:13.930 TodoApp[9076:4096541] Finished load of: file:///Users/danielsauble/Library/Developer/CoreSimulator/Devices/EDBAB22C-513F-4394-80E3-0C794C0885C3/data/Containers/Bundle/Application/B7CFE641-B352-482E-91C9-17A351194422/TodoApp.app/www/index.html
2015-06-11 06:48:56.256 TodoApp[10048:4098724] DiskCookieStorage changing policy from 2 to 0, cookie file: file:///Users/danielsauble/Library/Developer/CoreSimulator/Devices/EDBAB22C-513F-4394-80E3-0C794C0885C3/data/Containers/Data/Application/259DCD74-E08A-44BB-85F4-857E766897BF/Library/Cookies/Cookies.binarycookies
2015-06-11 06:48:56.296 TodoApp[10048:4098724] Apache Cordova native platform version 3.8.0 is starting.
2015-06-11 06:48:56.296 TodoApp[10048:4098724] Multi-tasking -> Device: YES, App: YES
2015-06-11 06:48:56.297 TodoApp[10048:4098724] Unlimited access to network resources
2015-06-11 06:48:56.299 TodoApp[10048:4098724] 

Started backup to iCloud! Please be careful.
Your application might be rejected by Apple if you store too much data.
For more information please read "iOS Data Storage Guidelines" at:
https://developer.apple.com/icloud/documentation/data-storage/
To disable web storage backup to iCloud, set the BackupWebStorage preference to "local" in the Cordova config.xml file

2015-06-11 06:48:56.382 TodoApp[10048:4098724] Resetting plugins due to page load.
2015-06-11 06:48:56.489 TodoApp[10048:4098724] Finished load of: file:///Users/danielsauble/Library/Developer/CoreSimulator/Devices/EDBAB22C-513F-4394-80E3-0C794C0885C3/data/Containers/Bundle/Application/7A84E7F2-56C8-4275-B868-6AAE3FB6EB71/TodoApp.app/www/index.html
2015-06-11 06:50:14.410 TodoApp[11198:4101577] DiskCookieStorage changing policy from 2 to 0, cookie file: file:///Users/danielsauble/Library/Developer/CoreSimulator/Devices/EDBAB22C-513F-4394-80E3-0C794C0885C3/data/Containers/Data/Application/CB0B2A47-50E8-4DD8-8978-DD925CC9BCE2/Library/Cookies/Cookies.binarycookies
2015-06-11 06:50:14.492 TodoApp[11198:4101577] Apache Cordova native platform version 3.8.0 is starting.
2015-06-11 06:50:14.492 TodoApp[11198:4101577] Multi-tasking -> Device: YES, App: YES
2015-06-11 06:50:14.494 TodoApp[11198:4101577] Unlimited access to network resources
2015-06-11 06:50:14.495 TodoApp[11198:4101577] 

Started backup to iCloud! Please be careful.
Your application might be rejected by Apple if you store too much data.
For more information please read "iOS Data Storage Guidelines" at:
https://developer.apple.com/icloud/documentation/data-storage/
To disable web storage backup to iCloud, set the BackupWebStorage preference to "local" in the Cordova config.xml file

2015-06-11 06:50:14.609 TodoApp[11198:4101577] Resetting plugins due to page load.
2015-06-11 06:50:14.718 TodoApp[11198:4101577] Finished load of: file:///Users/danielsauble/Library/Developer/CoreSimulator/Devices/EDBAB22C-513F-4394-80E3-0C794C0885C3/data/Containers/Bundle/Application/952B5D54-767E-48B6-A8EB-665ADA4A8AA2/TodoApp.app/www/index.html
2015-06-11 07:26:59.661 TodoApp[13360:4109615] DiskCookieStorage changing policy from 2 to 0, cookie file: file:///Users/danielsauble/Library/Developer/CoreSimulator/Devices/EDBAB22C-513F-4394-80E3-0C794C0885C3/data/Containers/Data/Application/C37F88B7-9E03-4484-B7F8-F5DFDA660024/Library/Cookies/Cookies.binarycookies
2015-06-11 07:26:59.712 TodoApp[13360:4109615] Apache Cordova native platform version 3.8.0 is starting.
2015-06-11 07:26:59.712 TodoApp[13360:4109615] Multi-tasking -> Device: YES, App: YES
2015-06-11 07:26:59.714 TodoApp[13360:4109615] Unlimited access to network resources
2015-06-11 07:26:59.715 TodoApp[13360:4109615] 

Started backup to iCloud! Please be careful.
Your application might be rejected by Apple if you store too much data.
For more information please read "iOS Data Storage Guidelines" at:
https://developer.apple.com/icloud/documentation/data-storage/
To disable web storage backup to iCloud, set the BackupWebStorage preference to "local" in the Cordova config.xml file

2015-06-11 07:26:59.814 TodoApp[13360:4109615] Resetting plugins due to page load.
2015-06-11 07:26:59.919 TodoApp[13360:4109615] Finished load of: file:///Users/danielsauble/Library/Developer/CoreSimulator/Devices/EDBAB22C-513F-4394-80E3-0C794C0885C3/data/Containers/Bundle/Application/5A639395-1CF7-4D25-8775-56483367501A/TodoApp.app/www/index.html
2015-06-11 07:30:01.423 TodoApp[15040:4114064] DiskCookieStorage changing policy from 2 to 0, cookie file: file:///Users/danielsauble/Library/Developer/CoreSimulator/Devices/EDBAB22C-513F-4394-80E3-0C794C0885C3/data/Containers/Data/Application/3EAD7DAD-6EA2-42BC-A203-B269A854595D/Library/Cookies/Cookies.binarycookies
2015-06-11 07:30:01.474 TodoApp[15040:4114064] Apache Cordova native platform version 3.8.0 is starting.
2015-06-11 07:30:01.474 TodoApp[15040:4114064] Multi-tasking -> Device: YES, App: YES
2015-06-11 07:30:01.475 TodoApp[15040:4114064] Unlimited access to network resources
2015-06-11 07:30:01.477 TodoApp[15040:4114064] 

Started backup to iCloud! Please be careful.
Your application might be rejected by Apple if you store too much data.
For more information please read "iOS Data Storage Guidelines" at:
https://developer.apple.com/icloud/documentation/data-storage/
To disable web storage backup to iCloud, set the BackupWebStorage preference to "local" in the Cordova config.xml file

2015-06-11 07:30:01.572 TodoApp[15040:4114064] Resetting plugins due to page load.
2015-06-11 07:30:01.679 TodoApp[15040:4114064] Finished load of: file:///Users/danielsauble/Library/Developer/CoreSimulator/Devices/EDBAB22C-513F-4394-80E3-0C794C0885C3/data/Containers/Bundle/Application/5B3782D1-56FA-49F2-8C65-B79261B21AC7/TodoApp.app/www/index.html
2015-06-11 07:34:43.233 TodoApp[17186:4120735] DiskCookieStorage changing policy from 2 to 0, cookie file: file:///Users/danielsauble/Library/Developer/CoreSimulator/Devices/EDBAB22C-513F-4394-80E3-0C794C0885C3/data/Containers/Data/Application/8B500F9A-1729-47E3-9EA7-76651CE965F7/Library/Cookies/Cookies.binarycookies
2015-06-11 07:34:43.281 TodoApp[17186:4120735] Apache Cordova native platform version 3.8.0 is starting.
2015-06-11 07:34:43.281 TodoApp[17186:4120735] Multi-tasking -> Device: YES, App: YES
2015-06-11 07:34:43.283 TodoApp[17186:4120735] Unlimited access to network resources
2015-06-11 07:34:43.284 TodoApp[17186:4120735] 

Started backup to iCloud! Please be careful.
Your application might be rejected by Apple if you store too much data.
For more information please read "iOS Data Storage Guidelines" at:
https://developer.apple.com/icloud/documentation/data-storage/
To disable web storage backup to iCloud, set the BackupWebStorage preference to "local" in the Cordova config.xml file

2015-06-11 07:34:43.377 TodoApp[17186:4120735] Resetting plugins due to page load.
2015-06-11 07:34:43.487 TodoApp[17186:4120735] Finished load of: file:///Users/danielsauble/Library/Developer/CoreSimulator/Devices/EDBAB22C-513F-4394-80E3-0C794C0885C3/data/Containers/Bundle/Application/468CACB4-C1F7-4905-903D-A4ECAEE23AA3/TodoApp.app/www/index.html
2015-06-11 07:52:50.751 TodoApp[23435:4142923] DiskCookieStorage changing policy from 2 to 0, cookie file: file:///Users/danielsauble/Library/Developer/CoreSimulator/Devices/EDBAB22C-513F-4394-80E3-0C794C0885C3/data/Containers/Data/Application/989B3995-AA44-4EAA-85FE-F14F5468AA3F/Library/Cookies/Cookies.binarycookies
2015-06-11 07:52:50.832 TodoApp[23435:4142923] Apache Cordova native platform version 3.8.0 is starting.
2015-06-11 07:52:50.832 TodoApp[23435:4142923] Multi-tasking -> Device: YES, App: YES
2015-06-11 07:52:50.834 TodoApp[23435:4142923] Unlimited access to network resources
2015-06-11 07:52:50.835 TodoApp[23435:4142923] 

Started backup to iCloud! Please be careful.
Your application might be rejected by Apple if you store too much data.
For more information please read "iOS Data Storage Guidelines" at:
https://developer.apple.com/icloud/documentation/data-storage/
To disable web storage backup to iCloud, set the BackupWebStorage preference to "local" in the Cordova config.xml file

2015-06-11 07:52:50.931 TodoApp[23435:4142923] Resetting plugins due to page load.
2015-06-11 07:52:51.044 TodoApp[23435:4142923] Finished load of: file:///Users/danielsauble/Library/Developer/CoreSimulator/Devices/EDBAB22C-513F-4394-80E3-0C794C0885C3/data/Containers/Bundle/Application/F27D1BFC-E864-4F47-B9BB-9D3DAEF92C50/TodoApp.app/www/index.html
2015-06-11 07:54:24.763 TodoApp[24656:4146153] DiskCookieStorage changing policy from 2 to 0, cookie file: file:///Users/danielsauble/Library/Developer/CoreSimulator/Devices/EDBAB22C-513F-4394-80E3-0C794C0885C3/data/Containers/Data/Application/D074CD39-A28D-422E-A821-404529719FF7/Library/Cookies/Cookies.binarycookies
2015-06-11 07:54:24.829 TodoApp[24656:4146153] Apache Cordova native platform version 3.8.0 is starting.
2015-06-11 07:54:24.830 TodoApp[24656:4146153] Multi-tasking -> Device: YES, App: YES
2015-06-11 07:54:24.831 TodoApp[24656:4146153] Unlimited access to network resources
2015-06-11 07:54:24.832 TodoApp[24656:4146153] 

Started backup to iCloud! Please be careful.
Your application might be rejected by Apple if you store too much data.
For more information please read "iOS Data Storage Guidelines" at:
https://developer.apple.com/icloud/documentation/data-storage/
To disable web storage backup to iCloud, set the BackupWebStorage preference to "local" in the Cordova config.xml file

2015-06-11 07:54:24.913 TodoApp[24656:4146153] Resetting plugins due to page load.
2015-06-11 07:54:25.015 TodoApp[24656:4146153] Finished load of: file:///Users/danielsauble/Library/Developer/CoreSimulator/Devices/EDBAB22C-513F-4394-80E3-0C794C0885C3/data/Containers/Bundle/Application/1C8C6A1A-D929-4FC7-BCC1-775D510A44CC/TodoApp.app/www/index.html
2015-06-11 07:59:33.865 TodoApp[27022:4153549] DiskCookieStorage changing policy from 2 to 0, cookie file: file:///Users/danielsauble/Library/Developer/CoreSimulator/Devices/EDBAB22C-513F-4394-80E3-0C794C0885C3/data/Containers/Data/Application/F8CC358F-886C-4153-BBCE-50EBB60904BE/Library/Cookies/Cookies.binarycookies
2015-06-11 07:59:33.916 TodoApp[27022:4153549] Apache Cordova native platform version 3.8.0 is starting.
2015-06-11 07:59:33.917 TodoApp[27022:4153549] Multi-tasking -> Device: YES, App: YES
2015-06-11 07:59:33.918 TodoApp[27022:4153549] Unlimited access to network resources
2015-06-11 07:59:33.920 TodoApp[27022:4153549] 

Started backup to iCloud! Please be careful.
Your application might be rejected by Apple if you store too much data.
For more information please read "iOS Data Storage Guidelines" at:
https://developer.apple.com/icloud/documentation/data-storage/
To disable web storage backup to iCloud, set the BackupWebStorage preference to "local" in the Cordova config.xml file

2015-06-11 07:59:34.015 TodoApp[27022:4153549] Resetting plugins due to page load.
2015-06-11 07:59:34.132 TodoApp[27022:4153549] Finished load of: file:///Users/danielsauble/Library/Developer/CoreSimulator/Devices/EDBAB22C-513F-4394-80E3-0C794C0885C3/data/Containers/Bundle/Application/8125572F-A24F-45FC-9D71-9E23E6E55300/TodoApp.app/www/index.html
2015-06-11 08:00:03.463 TodoApp[27022:4153766] Connection to assetsd was interrupted or assetsd died
2015-06-11 08:00:38.669 TodoApp[28194:4156995] DiskCookieStorage changing policy from 2 to 0, cookie file: file:///Users/danielsauble/Library/Developer/CoreSimulator/Devices/EDBAB22C-513F-4394-80E3-0C794C0885C3/data/Containers/Data/Application/8EF0E51F-BCD9-458D-B1CF-4D70E2AEDD46/Library/Cookies/Cookies.binarycookies
2015-06-11 08:00:38.743 TodoApp[28194:4156995] Apache Cordova native platform version 3.8.0 is starting.
2015-06-11 08:00:38.743 TodoApp[28194:4156995] Multi-tasking -> Device: YES, App: YES
2015-06-11 08:00:38.744 TodoApp[28194:4156995] Unlimited access to network resources
2015-06-11 08:00:38.746 TodoApp[28194:4156995] 

Started backup to iCloud! Please be careful.
Your application might be rejected by Apple if you store too much data.
For more information please read "iOS Data Storage Guidelines" at:
https://developer.apple.com/icloud/documentation/data-storage/
To disable web storage backup to iCloud, set the BackupWebStorage preference to "local" in the Cordova config.xml file

2015-06-11 08:00:38.855 TodoApp[28194:4156995] Resetting plugins due to page load.
2015-06-11 08:00:38.981 TodoApp[28194:4156995] Finished load of: file:///Users/danielsauble/Library/Developer/CoreSimulator/Devices/EDBAB22C-513F-4394-80E3-0C794C0885C3/data/Containers/Bundle/Application/959508C9-F55F-447B-9688-4EC2F171AF82/TodoApp.app/www/index.html
2015-06-11 08:13:23.400 TodoApp[33669:4177494] DiskCookieStorage changing policy from 2 to 0, cookie file: file:///Users/danielsauble/Library/Developer/CoreSimulator/Devices/EDBAB22C-513F-4394-80E3-0C794C0885C3/data/Containers/Data/Application/9F1C2398-3918-459D-BEEA-F31728B4F6FA/Library/Cookies/Cookies.binarycookies
2015-06-11 08:13:23.460 TodoApp[33669:4177494] Apache Cordova native platform version 3.8.0 is starting.
2015-06-11 08:13:23.460 TodoApp[33669:4177494] Multi-tasking -> Device: YES, App: YES
2015-06-11 08:13:23.461 TodoApp[33669:4177494] Unlimited access to network resources
2015-06-11 08:13:23.463 TodoApp[33669:4177494] 

Started backup to iCloud! Please be careful.
Your application might be rejected by Apple if you store too much data.
For more information please read "iOS Data Storage Guidelines" at:
https://developer.apple.com/icloud/documentation/data-storage/
To disable web storage backup to iCloud, set the BackupWebStorage preference to "local" in the Cordova config.xml file

2015-06-11 08:13:23.547 TodoApp[33669:4177494] Resetting plugins due to page load.
2015-06-11 08:13:23.668 TodoApp[33669:4177494] Finished load of: file:///Users/danielsauble/Library/Developer/CoreSimulator/Devices/EDBAB22C-513F-4394-80E3-0C794C0885C3/data/Containers/Bundle/Application/714B8ADA-A33D-44F3-9919-55F4D9C7BA49/TodoApp.app/www/index.html
2015-06-11 08:13:27.308 TodoApp[33669:4177513] Terminating since there is no system app.
2015-06-11 08:26:20.902 TodoApp[39899:4195844] DiskCookieStorage changing policy from 2 to 0, cookie file: file:///Users/danielsauble/Library/Developer/CoreSimulator/Devices/EDBAB22C-513F-4394-80E3-0C794C0885C3/data/Containers/Data/Application/18ADD03C-82B6-49B0-BB19-BB99FB80448D/Library/Cookies/Cookies.binarycookies
2015-06-11 08:26:20.964 TodoApp[39899:4195844] Apache Cordova native platform version 3.8.0 is starting.
2015-06-11 08:26:20.964 TodoApp[39899:4195844] Multi-tasking -> Device: YES, App: YES
2015-06-11 08:26:20.965 TodoApp[39899:4195844] Unlimited access to network resources
2015-06-11 08:26:20.967 TodoApp[39899:4195844] 

Started backup to iCloud! Please be careful.
Your application might be rejected by Apple if you store too much data.
For more information please read "iOS Data Storage Guidelines" at:
https://developer.apple.com/icloud/documentation/data-storage/
To disable web storage backup to iCloud, set the BackupWebStorage preference to "local" in the Cordova config.xml file

2015-06-11 08:26:21.053 TodoApp[39899:4195844] Resetting plugins due to page load.
2015-06-11 08:26:21.176 TodoApp[39899:4195844] Finished load of: file:///Users/danielsauble/Library/Developer/CoreSimulator/Devices/EDBAB22C-513F-4394-80E3-0C794C0885C3/data/Containers/Bundle/Application/361EF3BD-D2AD-4919-9D92-C00FD89BD84F/TodoApp.app/www/index.html
2015-06-11 08:27:09.660 TodoApp[40894:4198034] DiskCookieStorage changing policy from 2 to 0, cookie file: file:///Users/danielsauble/Library/Developer/CoreSimulator/Devices/EDBAB22C-513F-4394-80E3-0C794C0885C3/data/Containers/Data/Application/53AFB359-DCE8-4C67-8898-C2A67439E597/Library/Cookies/Cookies.binarycookies
2015-06-11 08:27:09.700 TodoApp[40894:4198034] Apache Cordova native platform version 3.8.0 is starting.
2015-06-11 08:27:09.700 TodoApp[40894:4198034] Multi-tasking -> Device: YES, App: YES
2015-06-11 08:27:09.701 TodoApp[40894:4198034] Unlimited access to network resources
2015-06-11 08:27:09.702 TodoApp[40894:4198034] 

Started backup to iCloud! Please be careful.
Your application might be rejected by Apple if you store too much data.
For more information please read "iOS Data Storage Guidelines" at:
https://developer.apple.com/icloud/documentation/data-storage/
To disable web storage backup to iCloud, set the BackupWebStorage preference to "local" in the Cordova config.xml file

2015-06-11 08:27:09.790 TodoApp[40894:4198034] Resetting plugins due to page load.
2015-06-11 08:27:09.900 TodoApp[40894:4198034] Finished load of: file:///Users/danielsauble/Library/Developer/CoreSimulator/Devices/EDBAB22C-513F-4394-80E3-0C794C0885C3/data/Containers/Bundle/Application/6A46BA62-DDC9-4C77-A9B6-A245CA1AC8A8/TodoApp.app/www/index.html
2015-06-11 08:28:17.313 TodoApp[41987:4200687] DiskCookieStorage changing policy from 2 to 0, cookie file: file:///Users/danielsauble/Library/Developer/CoreSimulator/Devices/EDBAB22C-513F-4394-80E3-0C794C0885C3/data/Containers/Data/Application/0C490A69-3A2B-4E59-A86A-20C23E8374E0/Library/Cookies/Cookies.binarycookies
2015-06-11 08:28:17.359 TodoApp[41987:4200687] Apache Cordova native platform version 3.8.0 is starting.
2015-06-11 08:28:17.359 TodoApp[41987:4200687] Multi-tasking -> Device: YES, App: YES
2015-06-11 08:28:17.360 TodoApp[41987:4200687] Unlimited access to network resources
2015-06-11 08:28:17.362 TodoApp[41987:4200687] 

Started backup to iCloud! Please be careful.
Your application might be rejected by Apple if you store too much data.
For more information please read "iOS Data Storage Guidelines" at:
https://developer.apple.com/icloud/documentation/data-storage/
To disable web storage backup to iCloud, set the BackupWebStorage preference to "local" in the Cordova config.xml file

2015-06-11 08:28:17.471 TodoApp[41987:4200687] Resetting plugins due to page load.
2015-06-11 08:28:17.583 TodoApp[41987:4200687] Finished load of: file:///Users/danielsauble/Library/Developer/CoreSimulator/Devices/EDBAB22C-513F-4394-80E3-0C794C0885C3/data/Containers/Bundle/Application/4B305D05-7863-4144-8257-FC7D4053BEA2/TodoApp.app/www/index.html
2015-06-11 08:31:17.410 TodoApp[43651:4205266] DiskCookieStorage changing policy from 2 to 0, cookie file: file:///Users/danielsauble/Library/Developer/CoreSimulator/Devices/EDBAB22C-513F-4394-80E3-0C794C0885C3/data/Containers/Data/Application/F4A7F288-C066-45B1-9AF5-87B7DBF73F52/Library/Cookies/Cookies.binarycookies
2015-06-11 08:31:17.456 TodoApp[43651:4205266] Apache Cordova native platform version 3.8.0 is starting.
2015-06-11 08:31:17.457 TodoApp[43651:4205266] Multi-tasking -> Device: YES, App: YES
2015-06-11 08:31:17.458 TodoApp[43651:4205266] Unlimited access to network resources
2015-06-11 08:31:17.460 TodoApp[43651:4205266] 

Started backup to iCloud! Please be careful.
Your application might be rejected by Apple if you store too much data.
For more information please read "iOS Data Storage Guidelines" at:
https://developer.apple.com/icloud/documentation/data-storage/
To disable web storage backup to iCloud, set the BackupWebStorage preference to "local" in the Cordova config.xml file

2015-06-11 08:31:17.546 TodoApp[43651:4205266] Resetting plugins due to page load.
2015-06-11 08:31:17.670 TodoApp[43651:4205266] Finished load of: file:///Users/danielsauble/Library/Developer/CoreSimulator/Devices/EDBAB22C-513F-4394-80E3-0C794C0885C3/data/Containers/Bundle/Application/89B170E4-E755-46B6-BFE2-F70D5C3A603F/TodoApp.app/www/index.html
2015-06-11 08:34:14.814 TodoApp[45282:4210063] DiskCookieStorage changing policy from 2 to 0, cookie file: file:///Users/danielsauble/Library/Developer/CoreSimulator/Devices/EDBAB22C-513F-4394-80E3-0C794C0885C3/data/Containers/Data/Application/2CD48831-8E12-4FC7-99FD-551283CD2539/Library/Cookies/Cookies.binarycookies
2015-06-11 08:34:14.915 TodoApp[45282:4210063] Apache Cordova native platform version 3.8.0 is starting.
2015-06-11 08:34:14.916 TodoApp[45282:4210063] Multi-tasking -> Device: YES, App: YES
2015-06-11 08:34:14.917 TodoApp[45282:4210063] Unlimited access to network resources
2015-06-11 08:34:14.919 TodoApp[45282:4210063] 

Started backup to iCloud! Please be careful.
Your application might be rejected by Apple if you store too much data.
For more information please read "iOS Data Storage Guidelines" at:
https://developer.apple.com/icloud/documentation/data-storage/
To disable web storage backup to iCloud, set the BackupWebStorage preference to "local" in the Cordova config.xml file

2015-06-11 08:34:15.057 TodoApp[45282:4210063] Resetting plugins due to page load.
2015-06-11 08:34:15.173 TodoApp[45282:4210063] Finished load of: file:///Users/danielsauble/Library/Developer/CoreSimulator/Devices/EDBAB22C-513F-4394-80E3-0C794C0885C3/data/Containers/Bundle/Application/D3855923-AAD0-459F-A48A-C1C783873102/TodoApp.app/www/index.html
2015-06-11 08:39:29.903 TodoApp[47647:4218946] DiskCookieStorage changing policy from 2 to 0, cookie file: file:///Users/danielsauble/Library/Developer/CoreSimulator/Devices/EDBAB22C-513F-4394-80E3-0C794C0885C3/data/Containers/Data/Application/10C7AE0A-7B3B-456D-8673-BF6CA4CA15FD/Library/Cookies/Cookies.binarycookies
2015-06-11 08:39:30.115 TodoApp[47647:4218946] Apache Cordova native platform version 3.8.0 is starting.
2015-06-11 08:39:30.115 TodoApp[47647:4218946] Multi-tasking -> Device: YES, App: YES
2015-06-11 08:39:30.118 TodoApp[47647:4218946] Unlimited access to network resources
2015-06-11 08:39:30.120 TodoApp[47647:4218946] 

Started backup to iCloud! Please be careful.
Your application might be rejected by Apple if you store too much data.
For more information please read "iOS Data Storage Guidelines" at:
https://developer.apple.com/icloud/documentation/data-storage/
To disable web storage backup to iCloud, set the BackupWebStorage preference to "local" in the Cordova config.xml file

2015-06-11 08:39:30.206 TodoApp[47647:4218946] Resetting plugins due to page load.
2015-06-11 08:39:30.343 TodoApp[47647:4218946] Finished load of: file:///Users/danielsauble/Library/Developer/CoreSimulator/Devices/EDBAB22C-513F-4394-80E3-0C794C0885C3/data/Containers/Bundle/Application/6642B269-3F48-497B-A087-BEC6CB858328/TodoApp.app/www/index.html
2015-06-11 08:43:09.394 TodoApp[49546:4224758] DiskCookieStorage changing policy from 2 to 0, cookie file: file:///Users/danielsauble/Library/Developer/CoreSimulator/Devices/EDBAB22C-513F-4394-80E3-0C794C0885C3/data/Containers/Data/Application/7E180B61-4390-4BE3-B040-B90AFF170343/Library/Cookies/Cookies.binarycookies
2015-06-11 08:43:09.460 TodoApp[49546:4224758] Apache Cordova native platform version 3.8.0 is starting.
2015-06-11 08:43:09.460 TodoApp[49546:4224758] Multi-tasking -> Device: YES, App: YES
2015-06-11 08:43:09.461 TodoApp[49546:4224758] Unlimited access to network resources
2015-06-11 08:43:09.463 TodoApp[49546:4224758] 

Started backup to iCloud! Please be careful.
Your application might be rejected by Apple if you store too much data.
For more information please read "iOS Data Storage Guidelines" at:
https://developer.apple.com/icloud/documentation/data-storage/
To disable web storage backup to iCloud, set the BackupWebStorage preference to "local" in the Cordova config.xml file

2015-06-11 08:43:09.566 TodoApp[49546:4224758] Resetting plugins due to page load.
2015-06-11 08:43:09.692 TodoApp[49546:4224758] Finished load of: file:///Users/danielsauble/Library/Developer/CoreSimulator/Devices/EDBAB22C-513F-4394-80E3-0C794C0885C3/data/Containers/Bundle/Application/3EB1E99C-C7DB-4B30-B56B-0B4F7EEDEC61/TodoApp.app/www/index.html
2015-06-11 08:50:15.336 TodoApp[52428:4234172] DiskCookieStorage changing policy from 2 to 0, cookie file: file:///Users/danielsauble/Library/Developer/CoreSimulator/Devices/EDBAB22C-513F-4394-80E3-0C794C0885C3/data/Containers/Data/Application/5042687A-19AC-4B6C-8DBD-56D6708B2D53/Library/Cookies/Cookies.binarycookies
2015-06-11 08:50:15.378 TodoApp[52428:4234172] Apache Cordova native platform version 3.8.0 is starting.
2015-06-11 08:50:15.379 TodoApp[52428:4234172] Multi-tasking -> Device: YES, App: YES
2015-06-11 08:50:15.380 TodoApp[52428:4234172] Unlimited access to network resources
2015-06-11 08:50:15.381 TodoApp[52428:4234172] 

Started backup to iCloud! Please be careful.
Your application might be rejected by Apple if you store too much data.
For more information please read "iOS Data Storage Guidelines" at:
https://developer.apple.com/icloud/documentation/data-storage/
To disable web storage backup to iCloud, set the BackupWebStorage preference to "local" in the Cordova config.xml file

2015-06-11 08:50:15.482 TodoApp[52428:4234172] Resetting plugins due to page load.
2015-06-11 08:50:15.614 TodoApp[52428:4234172] Finished load of: file:///Users/danielsauble/Library/Developer/CoreSimulator/Devices/EDBAB22C-513F-4394-80E3-0C794C0885C3/data/Containers/Bundle/Application/A6DF7C67-4A2B-4127-BE90-E2743B5B3D1D/TodoApp.app/www/index.html
2015-06-11 08:52:54.032 TodoApp[53997:4238381] DiskCookieStorage changing policy from 2 to 0, cookie file: file:///Users/danielsauble/Library/Developer/CoreSimulator/Devices/EDBAB22C-513F-4394-80E3-0C794C0885C3/data/Containers/Data/Application/0643D5A8-A1DB-41F9-A5C9-DA867186B9E9/Library/Cookies/Cookies.binarycookies
2015-06-11 08:52:54.073 TodoApp[53997:4238381] Apache Cordova native platform version 3.8.0 is starting.
2015-06-11 08:52:54.074 TodoApp[53997:4238381] Multi-tasking -> Device: YES, App: YES
2015-06-11 08:52:54.075 TodoApp[53997:4238381] Unlimited access to network resources
2015-06-11 08:52:54.076 TodoApp[53997:4238381] 

Started backup to iCloud! Please be careful.
Your application might be rejected by Apple if you store too much data.
For more information please read "iOS Data Storage Guidelines" at:
https://developer.apple.com/icloud/documentation/data-storage/
To disable web storage backup to iCloud, set the BackupWebStorage preference to "local" in the Cordova config.xml file

2015-06-11 08:52:54.167 TodoApp[53997:4238381] Resetting plugins due to page load.
2015-06-11 08:52:54.287 TodoApp[53997:4238381] Finished load of: file:///Users/danielsauble/Library/Developer/CoreSimulator/Devices/EDBAB22C-513F-4394-80E3-0C794C0885C3/data/Containers/Bundle/Application/FF308B2D-7D4C-45F1-BEBF-434666BD4CA2/TodoApp.app/www/index.html
2015-06-11 09:07:44.920 TodoApp[60339:4259281] DiskCookieStorage changing policy from 2 to 0, cookie file: file:///Users/danielsauble/Library/Developer/CoreSimulator/Devices/EDBAB22C-513F-4394-80E3-0C794C0885C3/data/Containers/Data/Application/716A7716-359C-4749-B029-25150B1695CB/Library/Cookies/Cookies.binarycookies
2015-06-11 09:07:45.012 TodoApp[60339:4259281] Apache Cordova native platform version 3.8.0 is starting.
2015-06-11 09:07:45.012 TodoApp[60339:4259281] Multi-tasking -> Device: YES, App: YES
2015-06-11 09:07:45.015 TodoApp[60339:4259281] Unlimited access to network resources
2015-06-11 09:07:45.017 TodoApp[60339:4259281] 

Started backup to iCloud! Please be careful.
Your application might be rejected by Apple if you store too much data.
For more information please read "iOS Data Storage Guidelines" at:
https://developer.apple.com/icloud/documentation/data-storage/
To disable web storage backup to iCloud, set the BackupWebStorage preference to "local" in the Cordova config.xml file

2015-06-11 09:07:45.211 TodoApp[60339:4259281] Resetting plugins due to page load.
2015-06-11 09:07:45.439 TodoApp[60339:4259281] Finished load of: file:///Users/danielsauble/Library/Developer/CoreSimulator/Devices/EDBAB22C-513F-4394-80E3-0C794C0885C3/data/Containers/Bundle/Application/184F7710-265F-41A2-8290-094C5DBBF0CD/TodoApp.app/www/index.html
